<?xml version="1.0" encoding="UTF-8"?>
<!-- Generated by org.testng.reporters.JUnitReportReporter -->
<testsuite skipped="0" hostname="DESKTOP-DGAOAVL" name="flipkart.HomePageTest" tests="2" failures="0" timestamp="2020-12-07T09:50:18 IST" time="43.918" errors="0">
  <testcase name="title_validation" time="22.315" classname="flipkart.HomePageTest"/>
  <system-out/>
  <testcase name="searchItem" time="21.603" classname="flipkart.HomePageTest"/>
  <system-out/>
</testsuite> <!-- flipkart.HomePageTest -->
