<?xml version="1.0" encoding="UTF-8"?>
<!-- Generated by org.testng.reporters.JUnitReportReporter -->
<testsuite skipped="1" hostname="DESKTOP-DGAOAVL" name="com.qa.flipkart.tests.HomePageTest" tests="3" failures="0" timestamp="2021-05-12T09:41:35 IST" time="127.514" errors="0">
  <testcase name="title_validation" time="29.182" classname="com.qa.flipkart.tests.HomePageTest"/>
  <system-out/>
  <testcase name="skipm" time="65.759" classname="com.qa.flipkart.tests.HomePageTest">
    <skipped/>
  </testcase> <!-- skipm -->
  <system-out/>
  <testcase name="searchItem" time="32.573" classname="com.qa.flipkart.tests.HomePageTest"/>
  <system-out/>
</testsuite> <!-- com.qa.flipkart.tests.HomePageTest -->
