<?xml version="1.0" encoding="UTF-8"?>
<!-- Generated by org.testng.reporters.JUnitReportReporter -->
<testsuite skipped="0" hostname="DESKTOP-DGAOAVL" name="com.qa.flipkart.tests.SearchPageTest" tests="1" failures="0" timestamp="2021-05-12T19:25:05 IST" time="51.218" errors="0">
  <testcase name="selectDesiredItem" time="51.218" classname="com.qa.flipkart.tests.SearchPageTest"/>
  <system-out/>
</testsuite> <!-- com.qa.flipkart.tests.SearchPageTest -->
